{"/Users/alexawhitney/Desktop/Dominican ACS Courses/Fall 2023/ACS3310 Writing JS Libraries/String Lib/src/index.js": {"path":"/Users/alexawhitney/Desktop/Dominican ACS Courses/Fall 2023/ACS3310 Writing JS Libraries/String Lib/src/index.js","statementMap":{"0":{"start":{"line":2,"column":1},"end":{"line":2,"column":44}},"1":{"start":{"line":6,"column":1},"end":{"line":6,"column":26}},"2":{"start":{"line":10,"column":1},"end":{"line":10,"column":49}},"3":{"start":{"line":14,"column":20},"end":{"line":14,"column":85}},"4":{"start":{"line":15,"column":1},"end":{"line":23,"column":14}},"5":{"start":{"line":16,"column":2},"end":{"line":22,"column":3}},"6":{"start":{"line":17,"column":3},"end":{"line":17,"column":27}},"7":{"start":{"line":18,"column":9},"end":{"line":22,"column":3}},"8":{"start":{"line":19,"column":3},"end":{"line":19,"column":15}},"9":{"start":{"line":21,"column":3},"end":{"line":21,"column":27}},"10":{"start":{"line":27,"column":18},"end":{"line":27,"column":28}},"11":{"start":{"line":28,"column":18},"end":{"line":28,"column":40}},"12":{"start":{"line":29,"column":1},"end":{"line":29,"column":29}},"13":{"start":{"line":33,"column":18},"end":{"line":33,"column":28}},"14":{"start":{"line":34,"column":18},"end":{"line":34,"column":41}},"15":{"start":{"line":35,"column":1},"end":{"line":35,"column":29}},"16":{"start":{"line":39,"column":1},"end":{"line":39,"column":25}},"17":{"start":{"line":41,"column":19},"end":{"line":49,"column":12}},"18":{"start":{"line":42,"column":13},"end":{"line":42,"column":31}},"19":{"start":{"line":43,"column":2},"end":{"line":48,"column":4}},"20":{"start":{"line":51,"column":1},"end":{"line":51,"column":46}},"21":{"start":{"line":53,"column":1},"end":{"line":53,"column":41}},"22":{"start":{"line":57,"column":1},"end":{"line":57,"column":25}},"23":{"start":{"line":59,"column":19},"end":{"line":67,"column":12}},"24":{"start":{"line":60,"column":13},"end":{"line":60,"column":31}},"25":{"start":{"line":61,"column":2},"end":{"line":66,"column":4}},"26":{"start":{"line":69,"column":1},"end":{"line":69,"column":46}},"27":{"start":{"line":71,"column":1},"end":{"line":71,"column":47}},"28":{"start":{"line":75,"column":1},"end":{"line":81,"column":13}},"29":{"start":{"line":76,"column":2},"end":{"line":80,"column":3}},"30":{"start":{"line":77,"column":3},"end":{"line":77,"column":29}},"31":{"start":{"line":79,"column":3},"end":{"line":79,"column":27}},"32":{"start":{"line":87,"column":1},"end":{"line":87,"column":39}},"33":{"start":{"line":91,"column":13},"end":{"line":91,"column":27}},"34":{"start":{"line":92,"column":1},"end":{"line":94,"column":2}},"35":{"start":{"line":93,"column":2},"end":{"line":93,"column":44}},"36":{"start":{"line":93,"column":23},"end":{"line":93,"column":42}},"37":{"start":{"line":96,"column":1},"end":{"line":96,"column":97}},"38":{"start":{"line":96,"column":38},"end":{"line":96,"column":95}},"39":{"start":{"line":100,"column":1},"end":{"line":100,"column":37}},"40":{"start":{"line":102,"column":18},"end":{"line":102,"column":28}},"41":{"start":{"line":103,"column":1},"end":{"line":103,"column":44}},"42":{"start":{"line":105,"column":1},"end":{"line":108,"column":2}},"43":{"start":{"line":106,"column":3},"end":{"line":106,"column":49}},"44":{"start":{"line":107,"column":3},"end":{"line":107,"column":15}},"45":{"start":{"line":111,"column":1},"end":{"line":120,"column":2}},"46":{"start":{"line":112,"column":3},"end":{"line":112,"column":44}},"47":{"start":{"line":116,"column":3},"end":{"line":119,"column":4}},"48":{"start":{"line":117,"column":5},"end":{"line":117,"column":51}},"49":{"start":{"line":118,"column":5},"end":{"line":118,"column":18}},"50":{"start":{"line":122,"column":1},"end":{"line":122,"column":80}},"51":{"start":{"line":124,"column":1},"end":{"line":124,"column":13}},"52":{"start":{"line":128,"column":0},"end":{"line":128,"column":33}},"53":{"start":{"line":129,"column":0},"end":{"line":129,"column":35}},"54":{"start":{"line":131,"column":0},"end":{"line":131,"column":38}},"55":{"start":{"line":132,"column":0},"end":{"line":132,"column":32}},"56":{"start":{"line":133,"column":0},"end":{"line":133,"column":48}},"57":{"start":{"line":134,"column":0},"end":{"line":134,"column":54}},"58":{"start":{"line":135,"column":0},"end":{"line":135,"column":52}},"59":{"start":{"line":136,"column":0},"end":{"line":136,"column":68}},"60":{"start":{"line":137,"column":0},"end":{"line":137,"column":36}},"61":{"start":{"line":138,"column":0},"end":{"line":138,"column":36}},"62":{"start":{"line":139,"column":0},"end":{"line":139,"column":36}},"63":{"start":{"line":140,"column":0},"end":{"line":140,"column":28}},"64":{"start":{"line":141,"column":0},"end":{"line":141,"column":40}},"65":{"start":{"line":142,"column":0},"end":{"line":142,"column":32}}},"fnMap":{"0":{"name":"capitalize","decl":{"start":{"line":1,"column":9},"end":{"line":1,"column":19}},"loc":{"start":{"line":1,"column":25},"end":{"line":3,"column":1}},"line":1},"1":{"name":"allCaps","decl":{"start":{"line":5,"column":9},"end":{"line":5,"column":16}},"loc":{"start":{"line":5,"column":22},"end":{"line":7,"column":1}},"line":5},"2":{"name":"capitalizeWords","decl":{"start":{"line":9,"column":9},"end":{"line":9,"column":24}},"loc":{"start":{"line":9,"column":30},"end":{"line":11,"column":1}},"line":9},"3":{"name":"capitalizeHeadline","decl":{"start":{"line":13,"column":9},"end":{"line":13,"column":27}},"loc":{"start":{"line":13,"column":33},"end":{"line":24,"column":1}},"line":13},"4":{"name":"(anonymous_4)","decl":{"start":{"line":15,"column":27},"end":{"line":15,"column":28}},"loc":{"start":{"line":15,"column":44},"end":{"line":23,"column":2}},"line":15},"5":{"name":"removeExtraSpaces","decl":{"start":{"line":26,"column":9},"end":{"line":26,"column":26}},"loc":{"start":{"line":26,"column":32},"end":{"line":30,"column":1}},"line":26},"6":{"name":"advancedRemoveExtraSpaces","decl":{"start":{"line":32,"column":9},"end":{"line":32,"column":34}},"loc":{"start":{"line":32,"column":40},"end":{"line":36,"column":1}},"line":32},"7":{"name":"kebobCase","decl":{"start":{"line":38,"column":9},"end":{"line":38,"column":18}},"loc":{"start":{"line":38,"column":24},"end":{"line":54,"column":1}},"line":38},"8":{"name":"(anonymous_8)","decl":{"start":{"line":41,"column":40},"end":{"line":41,"column":41}},"loc":{"start":{"line":41,"column":48},"end":{"line":49,"column":2}},"line":41},"9":{"name":"snakeCase","decl":{"start":{"line":56,"column":9},"end":{"line":56,"column":18}},"loc":{"start":{"line":56,"column":41},"end":{"line":72,"column":1}},"line":56},"10":{"name":"(anonymous_10)","decl":{"start":{"line":59,"column":40},"end":{"line":59,"column":41}},"loc":{"start":{"line":59,"column":48},"end":{"line":67,"column":2}},"line":59},"11":{"name":"camelCase","decl":{"start":{"line":74,"column":9},"end":{"line":74,"column":18}},"loc":{"start":{"line":74,"column":24},"end":{"line":82,"column":1}},"line":74},"12":{"name":"(anonymous_12)","decl":{"start":{"line":75,"column":27},"end":{"line":75,"column":28}},"loc":{"start":{"line":75,"column":44},"end":{"line":81,"column":2}},"line":75},"13":{"name":"shift","decl":{"start":{"line":84,"column":9},"end":{"line":84,"column":14}},"loc":{"start":{"line":84,"column":23},"end":{"line":88,"column":1}},"line":84},"14":{"name":"makeHashTag","decl":{"start":{"line":90,"column":9},"end":{"line":90,"column":20}},"loc":{"start":{"line":90,"column":26},"end":{"line":97,"column":1}},"line":90},"15":{"name":"(anonymous_15)","decl":{"start":{"line":93,"column":13},"end":{"line":93,"column":14}},"loc":{"start":{"line":93,"column":23},"end":{"line":93,"column":42}},"line":93},"16":{"name":"(anonymous_16)","decl":{"start":{"line":96,"column":30},"end":{"line":96,"column":31}},"loc":{"start":{"line":96,"column":38},"end":{"line":96,"column":95}},"line":96},"17":{"name":"isEmpty","decl":{"start":{"line":99,"column":9},"end":{"line":99,"column":16}},"loc":{"start":{"line":99,"column":22},"end":{"line":125,"column":1}},"line":99}},"branchMap":{"0":{"loc":{"start":{"line":16,"column":2},"end":{"line":22,"column":3}},"type":"if","locations":[{"start":{"line":16,"column":2},"end":{"line":22,"column":3}},{"start":{"line":18,"column":9},"end":{"line":22,"column":3}}],"line":16},"1":{"loc":{"start":{"line":18,"column":9},"end":{"line":22,"column":3}},"type":"if","locations":[{"start":{"line":18,"column":9},"end":{"line":22,"column":3}},{"start":{"line":20,"column":9},"end":{"line":22,"column":3}}],"line":18},"2":{"loc":{"start":{"line":44,"column":3},"end":{"line":47,"column":14}},"type":"binary-expr","locations":[{"start":{"line":44,"column":3},"end":{"line":44,"column":14}},{"start":{"line":45,"column":4},"end":{"line":45,"column":14}},{"start":{"line":45,"column":18},"end":{"line":45,"column":28}},{"start":{"line":46,"column":4},"end":{"line":46,"column":14}},{"start":{"line":46,"column":18},"end":{"line":46,"column":29}},{"start":{"line":47,"column":3},"end":{"line":47,"column":14}}],"line":44},"3":{"loc":{"start":{"line":56,"column":24},"end":{"line":56,"column":39}},"type":"default-arg","locations":[{"start":{"line":56,"column":36},"end":{"line":56,"column":39}}],"line":56},"4":{"loc":{"start":{"line":62,"column":3},"end":{"line":65,"column":35}},"type":"binary-expr","locations":[{"start":{"line":62,"column":3},"end":{"line":62,"column":14}},{"start":{"line":63,"column":4},"end":{"line":63,"column":14}},{"start":{"line":63,"column":18},"end":{"line":63,"column":28}},{"start":{"line":64,"column":4},"end":{"line":64,"column":14}},{"start":{"line":64,"column":18},"end":{"line":64,"column":29}},{"start":{"line":65,"column":3},"end":{"line":65,"column":35}}],"line":62},"5":{"loc":{"start":{"line":76,"column":2},"end":{"line":80,"column":3}},"type":"if","locations":[{"start":{"line":76,"column":2},"end":{"line":80,"column":3}},{"start":{"line":78,"column":9},"end":{"line":80,"column":3}}],"line":76},"6":{"loc":{"start":{"line":92,"column":1},"end":{"line":94,"column":2}},"type":"if","locations":[{"start":{"line":92,"column":1},"end":{"line":94,"column":2}},{"start":{},"end":{}}],"line":92},"7":{"loc":{"start":{"line":105,"column":1},"end":{"line":108,"column":2}},"type":"if","locations":[{"start":{"line":105,"column":1},"end":{"line":108,"column":2}},{"start":{},"end":{}}],"line":105},"8":{"loc":{"start":{"line":116,"column":3},"end":{"line":119,"column":4}},"type":"if","locations":[{"start":{"line":116,"column":3},"end":{"line":119,"column":4}},{"start":{},"end":{}}],"line":116},"9":{"loc":{"start":{"line":116,"column":7},"end":{"line":116,"column":54}},"type":"binary-expr","locations":[{"start":{"line":116,"column":7},"end":{"line":116,"column":20}},{"start":{"line":116,"column":24},"end":{"line":116,"column":37}},{"start":{"line":116,"column":41},"end":{"line":116,"column":54}}],"line":116}},"s":{"0":40,"1":3,"2":3,"3":4,"4":4,"5":29,"6":4,"7":25,"8":7,"9":18,"10":9,"11":9,"12":9,"13":4,"14":4,"15":4,"16":3,"17":3,"18":60,"19":60,"20":3,"21":3,"22":3,"23":3,"24":58,"25":58,"26":3,"27":3,"28":2,"29":10,"30":2,"31":8,"32":3,"33":3,"34":3,"35":1,"36":8,"37":3,"38":7,"39":15,"40":15,"41":15,"42":15,"43":7,"44":7,"45":8,"46":8,"47":8,"48":8,"49":8,"50":0,"51":0,"52":1,"53":1,"54":1,"55":1,"56":1,"57":1,"58":1,"59":1,"60":1,"61":1,"62":1,"63":1,"64":1,"65":1},"f":{"0":40,"1":3,"2":3,"3":4,"4":29,"5":9,"6":4,"7":3,"8":60,"9":3,"10":58,"11":2,"12":10,"13":3,"14":3,"15":8,"16":7,"17":15},"b":{"0":[4,25],"1":[7,18],"2":[60,52,52,49,49,0],"3":[3],"4":[58,49,49,46,46,0],"5":[2,8],"6":[1,2],"7":[7,8],"8":[8,0],"9":[8,8,8]},"_coverageSchema":"1a1c01bbd47fc00a2c39e90264f33305004495a9","hash":"7ff00872c6c4e92735f26a7621d57f7247b347e0"}
}
