TN:
SF:src/index.js
FN:1,capitalize
FN:5,allCaps
FN:9,capitalizeWords
FN:13,capitalizeHeadline
FN:15,(anonymous_4)
FN:26,removeExtraSpaces
FN:32,advancedRemoveExtraSpaces
FN:38,kebobCase
FN:41,(anonymous_8)
FN:56,snakeCase
FN:59,(anonymous_10)
FN:74,camelCase
FN:75,(anonymous_12)
FN:84,shift
FN:90,makeHashTag
FN:93,(anonymous_15)
FN:96,(anonymous_16)
FN:99,isEmpty
FNF:18
FNH:18
FNDA:40,capitalize
FNDA:3,allCaps
FNDA:3,capitalizeWords
FNDA:4,capitalizeHeadline
FNDA:29,(anonymous_4)
FNDA:9,removeExtraSpaces
FNDA:4,advancedRemoveExtraSpaces
FNDA:3,kebobCase
FNDA:60,(anonymous_8)
FNDA:3,snakeCase
FNDA:58,(anonymous_10)
FNDA:2,camelCase
FNDA:10,(anonymous_12)
FNDA:3,shift
FNDA:3,makeHashTag
FNDA:8,(anonymous_15)
FNDA:7,(anonymous_16)
FNDA:15,isEmpty
DA:2,40
DA:6,3
DA:10,3
DA:14,4
DA:15,4
DA:16,29
DA:17,4
DA:18,25
DA:19,7
DA:21,18
DA:27,9
DA:28,9
DA:29,9
DA:33,4
DA:34,4
DA:35,4
DA:39,3
DA:41,3
DA:42,60
DA:43,60
DA:51,3
DA:53,3
DA:57,3
DA:59,3
DA:60,58
DA:61,58
DA:69,3
DA:71,3
DA:75,2
DA:76,10
DA:77,2
DA:79,8
DA:87,3
DA:91,3
DA:92,3
DA:93,8
DA:96,7
DA:100,15
DA:102,15
DA:103,15
DA:105,15
DA:106,7
DA:107,7
DA:111,8
DA:112,8
DA:116,8
DA:117,8
DA:118,8
DA:122,0
DA:124,0
DA:128,1
DA:129,1
DA:131,1
DA:132,1
DA:133,1
DA:134,1
DA:135,1
DA:136,1
DA:137,1
DA:138,1
DA:139,1
DA:140,1
DA:141,1
DA:142,1
LF:64
LH:62
BRDA:16,0,0,4
BRDA:16,0,1,25
BRDA:18,1,0,7
BRDA:18,1,1,18
BRDA:44,2,0,60
BRDA:44,2,1,52
BRDA:44,2,2,52
BRDA:44,2,3,49
BRDA:44,2,4,49
BRDA:44,2,5,0
BRDA:56,3,0,3
BRDA:62,4,0,58
BRDA:62,4,1,49
BRDA:62,4,2,49
BRDA:62,4,3,46
BRDA:62,4,4,46
BRDA:62,4,5,0
BRDA:76,5,0,2
BRDA:76,5,1,8
BRDA:92,6,0,1
BRDA:92,6,1,2
BRDA:105,7,0,7
BRDA:105,7,1,8
BRDA:116,8,0,8
BRDA:116,8,1,0
BRDA:116,9,0,8
BRDA:116,9,1,8
BRDA:116,9,2,8
BRF:28
BRH:25
end_of_record
